CRITICAL - 2021-09-11 04:19:06 --> Call to undefined function CodeIgniter\CLI\mb_strpos()
#0 C:\xampp\htdocs\loginproject\system\CLI\CLI.php(192): CodeIgniter\CLI\CLI::parseCommandLine()
#1 C:\xampp\htdocs\loginproject\system\CLI\CLI.php(1168): CodeIgniter\CLI\CLI::init()
#2 C:\xampp\htdocs\loginproject\system\Autoloader\Autoloader.php(365): require_once('C:\\xampp\\htdocs...')
#3 C:\xampp\htdocs\loginproject\system\Autoloader\Autoloader.php(296): CodeIgniter\Autoloader\Autoloader->requireFile('C:\\xampp\\htdocs...')
#4 C:\xampp\htdocs\loginproject\system\Autoloader\Autoloader.php(258): CodeIgniter\Autoloader\Autoloader->loadInNamespace('CodeIgniter\\CLI...')
#5 C:\xampp\htdocs\loginproject\system\CLI\Console.php(96): CodeIgniter\Autoloader\Autoloader->loadClass('CodeIgniter\\CLI...')
#6 C:\xampp\htdocs\loginproject\spark(54): CodeIgniter\CLI\Console->showHeader()
#7 {main}
CRITICAL - 2021-09-11 04:19:08 --> Call to undefined function CodeIgniter\CLI\mb_strpos()
#0 C:\xampp\htdocs\loginproject\system\CLI\CLI.php(192): CodeIgniter\CLI\CLI::parseCommandLine()
#1 C:\xampp\htdocs\loginproject\system\CLI\CLI.php(1168): CodeIgniter\CLI\CLI::init()
#2 C:\xampp\htdocs\loginproject\system\Autoloader\Autoloader.php(365): require_once('C:\\xampp\\htdocs...')
#3 C:\xampp\htdocs\loginproject\system\Autoloader\Autoloader.php(296): CodeIgniter\Autoloader\Autoloader->requireFile('C:\\xampp\\htdocs...')
#4 C:\xampp\htdocs\loginproject\system\Autoloader\Autoloader.php(258): CodeIgniter\Autoloader\Autoloader->loadInNamespace('CodeIgniter\\CLI...')
#5 C:\xampp\htdocs\loginproject\system\CLI\Console.php(96): CodeIgniter\Autoloader\Autoloader->loadClass('CodeIgniter\\CLI...')
#6 C:\xampp\htdocs\loginproject\spark(54): CodeIgniter\CLI\Console->showHeader()
#7 {main}
CRITICAL - 2021-09-11 04:20:58 --> Required parameter $from follows optional parameter $verbs
#0 C:\xampp\htdocs\loginproject\system\Autoloader\Autoloader.php(365): CodeIgniter\Debug\Exceptions->errorHandler(8192, 'Required parame...', 'C:\\xampp\\htdocs...', 1017)
#1 C:\xampp\htdocs\loginproject\system\Autoloader\Autoloader.php(365): require_once()
#2 C:\xampp\htdocs\loginproject\system\Autoloader\Autoloader.php(296): CodeIgniter\Autoloader\Autoloader->requireFile('C:\\xampp\\htdocs...')
#3 C:\xampp\htdocs\loginproject\system\Autoloader\Autoloader.php(258): CodeIgniter\Autoloader\Autoloader->loadInNamespace('CodeIgniter\\Rou...')
#4 C:\xampp\htdocs\loginproject\system\Config\Services.php(699): CodeIgniter\Autoloader\Autoloader->loadClass('CodeIgniter\\Rou...')
#5 C:\xampp\htdocs\loginproject\system\Config\BaseService.php(123): CodeIgniter\Config\Services::routes(false)
#6 C:\xampp\htdocs\loginproject\system\Config\Services.php(696): CodeIgniter\Config\BaseService::getSharedInstance('routes')
#7 C:\xampp\htdocs\loginproject\app\Config\Routes.php(4): CodeIgniter\Config\Services::routes()
#8 C:\xampp\htdocs\loginproject\system\CodeIgniter.php(780): require('C:\\xampp\\htdocs...')
#9 C:\xampp\htdocs\loginproject\system\CodeIgniter.php(364): CodeIgniter\CodeIgniter->tryToRouteIt(NULL)
#10 C:\xampp\htdocs\loginproject\system\CodeIgniter.php(312): CodeIgniter\CodeIgniter->handleRequest(NULL, Object(Config\Cache), false)
#11 C:\xampp\htdocs\loginproject\system\CLI\Console.php(86): CodeIgniter\CodeIgniter->run()
#12 C:\xampp\htdocs\loginproject\spark(57): CodeIgniter\CLI\Console->run()
#13 {main}
